0 info it worked if it ends with ok
1 verbose cli [ '/usr/local/bin/node',
1 verbose cli   '/usr/local/bin/npm',
1 verbose cli   'install',
1 verbose cli   '--save',
1 verbose cli   'sequelize' ]
2 info using npm@1.2.18
3 info using node@v0.10.4
4 verbose read json /home/frank/proyecto_quiz/myquiz/package.json
5 warn package.json myquiz@0.0.0 No README.md file found!
6 verbose read json /home/frank/proyecto_quiz/myquiz/node_modules/body-parser/package.json
7 verbose read json /home/frank/proyecto_quiz/myquiz/node_modules/cookie-parser/package.json
8 verbose read json /home/frank/proyecto_quiz/myquiz/node_modules/debug/package.json
9 verbose read json /home/frank/proyecto_quiz/myquiz/node_modules/ejs/package.json
10 verbose read json /home/frank/proyecto_quiz/myquiz/node_modules/express/package.json
11 verbose read json /home/frank/proyecto_quiz/myquiz/node_modules/express-partials/package.json
12 verbose read json /home/frank/proyecto_quiz/myquiz/node_modules/express-session/package.json
13 verbose read json /home/frank/proyecto_quiz/myquiz/node_modules/method-override/package.json
14 verbose read json /home/frank/proyecto_quiz/myquiz/node_modules/morgan/package.json
15 verbose read json /home/frank/proyecto_quiz/myquiz/node_modules/pg/package.json
16 verbose read json /home/frank/proyecto_quiz/myquiz/node_modules/pg-hstore/package.json
17 verbose read json /home/frank/proyecto_quiz/myquiz/node_modules/sequelize/package.json
18 verbose read json /home/frank/proyecto_quiz/myquiz/node_modules/serve-favicon/package.json
19 verbose read json /home/frank/proyecto_quiz/myquiz/node_modules/sqlite3/package.json
20 verbose from cache /home/frank/proyecto_quiz/myquiz/package.json
21 verbose readDependencies using package.json deps
22 verbose cache add [ 'sequelize@^2.0.0-rc4', null ]
23 verbose cache add name=undefined spec="sequelize@^2.0.0-rc4" args=["sequelize@^2.0.0-rc4",null]
24 verbose parsed url { protocol: null,
24 verbose parsed url   slashes: null,
24 verbose parsed url   auth: null,
24 verbose parsed url   host: null,
24 verbose parsed url   port: null,
24 verbose parsed url   hostname: null,
24 verbose parsed url   hash: null,
24 verbose parsed url   search: null,
24 verbose parsed url   query: null,
24 verbose parsed url   pathname: 'sequelize@^2.0.0-rc4',
24 verbose parsed url   path: 'sequelize@^2.0.0-rc4',
24 verbose parsed url   href: 'sequelize@^2.0.0-rc4' }
25 verbose cache add name="sequelize" spec="^2.0.0-rc4" args=["sequelize","^2.0.0-rc4"]
26 verbose parsed url { protocol: null,
26 verbose parsed url   slashes: null,
26 verbose parsed url   auth: null,
26 verbose parsed url   host: null,
26 verbose parsed url   port: null,
26 verbose parsed url   hostname: null,
26 verbose parsed url   hash: null,
26 verbose parsed url   search: null,
26 verbose parsed url   query: null,
26 verbose parsed url   pathname: '^2.0.0-rc4',
26 verbose parsed url   path: '^2.0.0-rc4',
26 verbose parsed url   href: '^2.0.0-rc4' }
27 verbose addNamed [ 'sequelize', '^2.0.0-rc4' ]
28 verbose addNamed [ null, null ]
29 silly lockFile 5b24a5af-sequelize-2-0-0-rc4 sequelize@^2.0.0-rc4
30 verbose lock sequelize@^2.0.0-rc4 /home/frank/.npm/5b24a5af-sequelize-2-0-0-rc4.lock
31 info addNameTag [ 'sequelize', '^2.0.0-rc4' ]
32 verbose url raw sequelize
33 verbose url resolving [ 'https://registry.npmjs.org/', './sequelize' ]
34 verbose url resolved https://registry.npmjs.org/sequelize
35 info trying registry request attempt 1 at 18:01:02
36 verbose etag "6JCIUOJMKP3BUUA39DWRG4KED"
37 http GET https://registry.npmjs.org/sequelize
38 http 200 https://registry.npmjs.org/sequelize
39 silly registry.get cb [ 200,
39 silly registry.get   { server: 'CouchDB/1.5.0 (Erlang OTP/R16B03)',
39 silly registry.get     etag: '"7141E85YW8TM8390Q9AJAX5F5"',
39 silly registry.get     'content-type': 'application/json',
39 silly registry.get     'cache-control': 'max-age=60',
39 silly registry.get     'content-length': '242536',
39 silly registry.get     'accept-ranges': 'bytes',
39 silly registry.get     date: 'Sun, 16 Aug 2015 16:01:04 GMT',
39 silly registry.get     via: '1.1 varnish',
39 silly registry.get     age: '0',
39 silly registry.get     connection: 'keep-alive',
39 silly registry.get     'x-served-by': 'cache-lhr6332-LHR',
39 silly registry.get     'x-cache': 'MISS',
39 silly registry.get     'x-cache-hits': '0',
39 silly registry.get     'x-timer': 'S1439740863.406921,VS0,VE646',
39 silly registry.get     vary: 'Accept' } ]
40 silly lockFile 5b24a5af-sequelize-2-0-0-rc4 sequelize@^2.0.0-rc4
41 silly lockFile 5b24a5af-sequelize-2-0-0-rc4 sequelize@^2.0.0-rc4
42 error Error: No compatible version found: sequelize@'^2.0.0-rc4'
42 error Valid install targets:
42 error ["0.2.2","0.2.3","0.2.4","0.2.5","0.2.6","0.3.0","0.4.0","0.4.1","0.4.2","0.4.3","1.0.0","1.0.1","1.0.2","1.1.0","1.1.1","1.1.2","1.1.3","1.1.4","1.2.0","1.2.1","1.3.0","1.3.1","1.3.2","1.3.3","1.3.4","1.3.5","1.3.6","1.3.7","1.4.0","1.4.1","1.5.0-alpha","1.5.0-beta","1.5.0-beta-2","1.5.0","1.6.0-alpha-1","1.6.0-alpha-2","1.6.0-alpha-3","1.6.0-beta-1","1.6.0-beta-2","1.6.0-beta-3","1.6.0-beta4","1.6.0","1.7.0-alpha1","1.7.0-alpha2","2.0.0-alpha1","2.0.0-alpha2","1.7.0-alpha3","2.0.0-alpha3","1.7.0-beta.0","2.0.0-beta.0","1.7.0-beta.1","2.0.0-beta.1","1.7.0-beta.2","2.0.0-beta.2","1.7.0-beta.3b","2.0.0-beta.3","1.7.0-beta.4a","2.0.0-beta.4","1.7.0-beta.5","2.0.0-beta.5","1.7.0-beta6","2.0.0-beta.6","1.7.0-beta7","2.0.0-beta.7","2.0.0-beta.8","1.7.0-beta8","1.7.0-rc1","2.0.0-dev1","1.7.0-rc2","2.0.0-dev2","1.7.0-rc3","2.0.0-dev3","1.7.0-rc4","2.0.0-dev4","2.0.0-dev5","1.7.0-rc5","1.7.0-rc6","2.0.0-dev6","2.0.0-dev7","1.7.0-rc7","2.0.0-dev8","1.7.0-rc8","1.7.0-rc9","2.0.0-dev9","2.0.0-dev10","1.7.0","1.7.1","1.7.2","1.7.3","2.0.0-dev11","1.7.4","1.7.5","1.7.7","1.7.8","1.7.9","2.0.0-dev12","1.7.10","2.0.0-dev13","2.0.0-rc1","2.0.0-rc2","2.0.0-rc3","2.0.0-rc4","2.0.0-rc5","2.0.0-rc6","2.0.0-rc7","2.0.0-rc8","2.0.0","2.0.1","2.0.2","2.0.3","2.0.4","2.0.5","2.0.6","2.1.0","2.1.1","2.1.2","2.1.3","3.0.0","3.0.1","3.1.0","3.1.1","3.2.0","1.7.11","3.3.0","3.3.1","3.3.2","3.4.0","3.4.1","3.5.0","3.5.1"]
42 error     at installTargetsError (/usr/local/lib/node_modules/npm/lib/cache.js:685:10)
42 error     at /usr/local/lib/node_modules/npm/lib/cache.js:607:10
42 error     at saved (/usr/local/lib/node_modules/npm/node_modules/npm-registry-client/lib/get.js:138:7)
42 error     at Object.oncomplete (fs.js:107:15)
43 error If you need help, you may report this log at:
43 error     <http://github.com/isaacs/npm/issues>
43 error or email it to:
43 error     <npm-@googlegroups.com>
44 error System Linux 3.13.0-32-generic
45 error command "/usr/local/bin/node" "/usr/local/bin/npm" "install" "--save" "sequelize"
46 error cwd /home/frank/proyecto_quiz/myquiz
47 error node -v v0.10.4
48 error npm -v 1.2.18
49 verbose exit [ 1, true ]
